[2130][environment] CWD = /Users/anandsb/eclipse-workspace/SampleTest/src/com/anand/test
[2130][environment] No .inferconfig file found
[2130][environment] Project root = /Users/anandsb/eclipse-workspace/SampleTest/src/com/anand/test
[2130][environment] INFER_ARGS =   @/var/folders/tx/hdxwdzsd1b70g3c10vtvj3q80000gn/T/args.tmp.5c1c39
[2130][environment]   ++Contents of '/var/folders/tx/hdxwdzsd1b70g3c10vtvj3q80000gn/T/args.tmp.5c1c39':
[2130][environment]     --racerd-only
[2130][environment]   
[2130][environment] command line arguments:   infer --racerd-only -- javac SampleTest.javaAnalyzer: checkers
[2130][environment] Active checkers: RacerD (C/C++/ObjC, Java)
[2130][environment] Infer log identifier is 
Infer version v0.15.0
[2130][environment] Copyright 2009 - present Facebook. All Rights Reserved.
[2130][environment] 
[2130][   progress] Capturing in javac mode...
[2130][      debug] Current working directory: '/Users/anandsb/eclipse-workspace/SampleTest/src/com/anand/test'
[2130][      debug] Trying to execute: javac '-J-Duser.language=en' '@/var/folders/tx/hdxwdzsd1b70g3c10vtvj3q80000gn/T/args_.tmp.631a18' 2>'/var/folders/tx/hdxwdzsd1b70g3c10vtvj3q80000gn/T/javac.tmp.8454e0.out'
[2130][      debug] *** Failed: exited with code 1!
[2130][      debug] 
[2130][      debug] Trying to execute: javac '@/var/folders/tx/hdxwdzsd1b70g3c10vtvj3q80000gn/T/args_.tmp.631a18' 2>'/var/folders/tx/hdxwdzsd1b70g3c10vtvj3q80000gn/T/javac.tmp.8454e0.out'
[2130][   user err] 
*** Failed to execute compilation command: exited with code 1
*** Command: javac '@/var/folders/tx/hdxwdzsd1b70g3c10vtvj3q80000gn/T/args_.tmp.631a18'
*** Output:
[parsing started SimpleFileObject[/Users/anandsb/eclipse-workspace/SampleTest/src/com/anand/test/SampleTest.java]]
[parsing completed 37ms]
[loading /modules/jdk.jdi/module-info.class]
[loading /modules/jdk.jshell/module-info.class]
[loading /modules/java.transaction.xa/module-info.class]
[loading /modules/jdk.naming.dns/module-info.class]
[loading /modules/jdk.zipfs/module-info.class]
[loading /modules/java.desktop/module-info.class]
[loading /modules/jdk.jartool/module-info.class]
[loading /modules/java.naming/module-info.class]
[loading /modules/jdk.jcmd/module-info.class]
[loading /modules/jdk.attach/module-info.class]
[loading /modules/java.xml.crypto/module-info.class]
[loading /modules/jdk.jfr/module-info.class]
[loading /modules/jdk.hotspot.agent/module-info.class]
[loading /modules/jdk.naming.rmi/module-info.class]
[loading /modules/java.xml/module-info.class]
[loading /modules/jdk.internal.opt/module-info.class]
[loading /modules/jdk.jdwp.agent/module-info.class]
[loading /modules/java.smartcardio/module-info.class]
[loading /modules/jdk.accessibility/module-info.class]
[loading /modules/jdk.crypto.ec/module-info.class]
[loading /modules/java.net.http/module-info.class]
[loading /modules/jdk.internal.vm.ci/module-info.class]
[loading /modules/jdk.dynalink/module-info.class]
[loading /modules/jdk.localedata/module-info.class]
[loading /modules/jdk.sctp/module-info.class]
[loading /modules/java.se/module-info.class]
[loading /modules/jdk.management.jfr/module-info.class]
[loading /modules/jdk.management.agent/module-info.class]
[loading /modules/java.security.jgss/module-info.class]
[loading /modules/jdk.jstatd/module-info.class]
[loading /modules/jdk.internal.vm.compiler.management/module-info.class]
[loading /modules/jdk.scripting.nashorn.shell/module-info.class]
[loading /modules/java.compiler/module-info.class]
[loading /modules/jdk.aot/module-info.class]
[loading /modules/jdk.net/module-info.class]
[loading /modules/java.base/module-info.class]
[loading /modules/java.management/module-info.class]
[loading /modules/java.sql.rowset/module-info.class]
[loading /modules/jdk.scripting.nashorn/module-info.class]
[loading /modules/java.rmi/module-info.class]
[loading /modules/jdk.jconsole/module-info.class]
[loading /modules/jdk.jsobject/module-info.class]
[loading /modules/jdk.javadoc/module-info.class]
[loading /modules/jdk.charsets/module-info.class]
[loading /modules/jdk.internal.le/module-info.class]
[loading /modules/jdk.jdeps/module-info.class]
[loading /modules/java.instrument/module-info.class]
[loading /modules/java.security.sasl/module-info.class]
[loading /modules/jdk.security.jgss/module-info.class]
[loading /modules/jdk.compiler/module-info.class]
[loading /modules/jdk.xml.dom/module-info.class]
[loading /modules/java.logging/module-info.class]
[loading /modules/jdk.unsupported/module-info.class]
[loading /modules/java.datatransfer/module-info.class]
[loading /modules/jdk.pack/module-info.class]
[loading /modules/jdk.internal.jvmstat/module-info.class]
[loading /modules/jdk.jlink/module-info.class]
[loading /modules/java.scripting/module-info.class]
[loading /modules/jdk.editpad/module-info.class]
[loading /modules/jdk.httpserver/module-info.class]
[loading /modules/jdk.internal.ed/module-info.class]
[loading /modules/java.sql/module-info.class]
[loading /modules/jdk.unsupported.desktop/module-info.class]
[loading /modules/jdk.internal.vm.compiler/module-info.class]
[loading /modules/jdk.crypto.cryptoki/module-info.class]
[loading /modules/jdk.rmic/module-info.class]
[loading /modules/jdk.management/module-info.class]
[loading /modules/java.management.rmi/module-info.class]
[loading /modules/jdk.security.auth/module-info.class]
[loading /modules/java.prefs/module-info.class]
[search path for source files: .]
[search path for class files: /Library/Java/JavaVirtualMachines/jdk-11.0.1.jdk/Contents/Home/lib/modules,.]
SampleTest.java:3: error: package org.apache.http.annotation does not exist
import org.apache.http.annotation.ThreadSafe;
                                 ^
[loading /modules/java.base/java/lang/Runnable.class]
[loading /modules/java.base/java/lang/Object.class]
SampleTest.java:5: error: cannot find symbol
@ThreadSafe
 ^
  symbol: class ThreadSafe
[loading /modules/java.base/java/lang/String.class]
[loading /modules/java.base/java/lang/Deprecated.class]
[loading /modules/java.base/java/lang/Override.class]
[loading /modules/java.base/java/lang/annotation/Annotation.class]
[loading /modules/java.base/java/lang/annotation/Retention.class]
[loading /modules/java.base/java/lang/annotation/RetentionPolicy.class]
[loading /modules/java.base/java/lang/annotation/Target.class]
[loading /modules/java.base/java/lang/annotation/ElementType.class]
[checking com.anand.test.SampleTest]
[loading /modules/java.base/java/io/Serializable.class]
[loading /modules/java.base/java/lang/AutoCloseable.class]
[loading /modules/java.base/java/lang/Thread.class]
[loading /modules/java.base/jdk/internal/vm/annotation/Contended.class]
[loading /modules/java.base/java/lang/Byte.class]
[loading /modules/java.base/java/lang/Character.class]
[loading /modules/java.base/java/lang/Short.class]
[loading /modules/java.base/java/lang/Long.class]
[loading /modules/java.base/java/lang/Float.class]
[loading /modules/java.base/java/lang/Integer.class]
[loading /modules/java.base/java/lang/Double.class]
[loading /modules/java.base/java/lang/Boolean.class]
[loading /modules/java.base/java/lang/Void.class]
[loading /modules/java.base/java/lang/System.class]
[loading /modules/java.base/java/io/PrintStream.class]
[loading /modules/java.base/java/lang/Appendable.class]
[loading /modules/java.base/java/io/Closeable.class]
[loading /modules/java.base/java/io/FilterOutputStream.class]
[loading /modules/java.base/java/io/OutputStream.class]
[loading /modules/java.base/java/io/Flushable.class]
[loading /modules/java.base/java/lang/Comparable.class]
[loading /modules/java.base/java/lang/CharSequence.class]
[loading /modules/java.base/java/lang/Exception.class]
[loading /modules/java.base/java/lang/Throwable.class]
[loading /modules/java.base/java/lang/ThreadGroup.class]
[loading /modules/java.base/java/security/AccessControlContext.class]
[total 487ms]
2 errors

*** Infer needs a working compilation command to run.

[2130][   user err] 